0 info it worked if it ends with ok
1 verbose cli [ '/Users/tocology/.nvm/versions/node/v6.2.2/bin/node',
1 verbose cli   '/Users/tocology/.nvm/versions/node/v6.2.2/bin/npm',
1 verbose cli   'run',
1 verbose cli   'lint' ]
2 info using npm@3.9.5
3 info using node@v6.2.2
4 verbose run-script [ 'prelint', 'lint', 'postlint' ]
5 info lifecycle docent_api_server@1.0.0~prelint: docent_api_server@1.0.0
6 silly lifecycle docent_api_server@1.0.0~prelint: no script for prelint, continuing
7 info lifecycle docent_api_server@1.0.0~lint: docent_api_server@1.0.0
8 verbose lifecycle docent_api_server@1.0.0~lint: unsafe-perm in lifecycle true
9 verbose lifecycle docent_api_server@1.0.0~lint: PATH: /Users/tocology/.nvm/versions/node/v6.2.2/lib/node_modules/npm/bin/node-gyp-bin:/Users/tocology/workspace/failnicely/api_server/node_modules/.bin:/Users/tocology/.nvm/versions/node/v6.2.2/bin:/Users/tocology/.sdkman/candidates/springboot/current/bin:/Users/tocology/.sdkman/candidates/groovy/current/bin:/Users/tocology/.sdkman/candidates/gradle/current/bin:/Users/tocology/.nvm/versions/node/v6.2.2/bin:/usr/local/bin:/usr/bin:/bin:/usr/sbin:/sbin:/Users/tocology/Library/activator-1.3.10-minimal/bin:/usr/local/mysql/bin:/usr/local/sbin:/Users/tocology/Library/h2/bin:/Users/tocology/Library/flyway-4.0.3
10 verbose lifecycle docent_api_server@1.0.0~lint: CWD: /Users/tocology/workspace/failnicely/api_server
11 silly lifecycle docent_api_server@1.0.0~lint: Args: [ '-c', 'eslint config server test' ]
12 silly lifecycle docent_api_server@1.0.0~lint: Returned: code: 1  signal: null
13 info lifecycle docent_api_server@1.0.0~lint: Failed to exec lint script
14 verbose stack Error: docent_api_server@1.0.0 lint: `eslint config server test`
14 verbose stack Exit status 1
14 verbose stack     at EventEmitter.<anonymous> (/Users/tocology/.nvm/versions/node/v6.2.2/lib/node_modules/npm/lib/utils/lifecycle.js:245:16)
14 verbose stack     at emitTwo (events.js:106:13)
14 verbose stack     at EventEmitter.emit (events.js:191:7)
14 verbose stack     at ChildProcess.<anonymous> (/Users/tocology/.nvm/versions/node/v6.2.2/lib/node_modules/npm/lib/utils/spawn.js:24:14)
14 verbose stack     at emitTwo (events.js:106:13)
14 verbose stack     at ChildProcess.emit (events.js:191:7)
14 verbose stack     at maybeClose (internal/child_process.js:852:16)
14 verbose stack     at Process.ChildProcess._handle.onexit (internal/child_process.js:215:5)
15 verbose pkgid docent_api_server@1.0.0
16 verbose cwd /Users/tocology/workspace/failnicely/api_server
17 error Darwin 15.6.0
18 error argv "/Users/tocology/.nvm/versions/node/v6.2.2/bin/node" "/Users/tocology/.nvm/versions/node/v6.2.2/bin/npm" "run" "lint"
19 error node v6.2.2
20 error npm  v3.9.5
21 error code ELIFECYCLE
22 error docent_api_server@1.0.0 lint: `eslint config server test`
22 error Exit status 1
23 error Failed at the docent_api_server@1.0.0 lint script 'eslint config server test'.
23 error Make sure you have the latest version of node.js and npm installed.
23 error If you do, this is most likely a problem with the docent_api_server package,
23 error not with npm itself.
23 error Tell the author that this fails on your system:
23 error     eslint config server test
23 error You can get information on how to open an issue for this project with:
23 error     npm bugs docent_api_server
23 error Or if that isn't available, you can get their info via:
23 error     npm owner ls docent_api_server
23 error There is likely additional logging output above.
24 verbose exit [ 1, true ]
